<?xml version="1.0" encoding="UTF-8"?>
<!-- Generated by org.testng.reporters.JUnitXMLReporter -->
<testsuite hostname="Garhewal" name="Login and Check mail" tests="2" failures="0" timestamp="1 May 2016 16:54:11 GMT" time="0.167" errors="0">
  <testcase name="LoginTest" time="0.0" classname="com.qtpselenium.hybrid.testcases.LoginAndCheckMail">
    <skipped/>
  </testcase> <!-- LoginTest -->
  <testcase name="checkMailTest" time="0.0" classname="com.qtpselenium.hybrid.testcases.LoginAndCheckMail">
    <skipped/>
  </testcase> <!-- checkMailTest -->
</testsuite> <!-- Login and Check mail -->
